<?xml version="1.0" encoding="UTF-8"?>
<response>
    <header>
        <resultCode>00</resultCode>
        <resultMsg>NORMAL_SERVICE</resultMsg>
    </header>
    <body>
        <dataType>XML</dataType>
        <items>
            <item>
                <baseDate>20220208</baseDate>
                <baseTime>1200</baseTime>
                <category>PTY</category>
                <nx>67</nx>
                <ny>101</ny>
                <obsrValue>0</obsrValue>
            </item>
            <item>
                <baseDate>20220208</baseDate>
                <baseTime>1200</baseTime>
                <category>REH</category>
                <nx>67</nx>
                <ny>101</ny>
                <obsrValue>41</obsrValue>
            </item>
            <item>
                <baseDate>20220208</baseDate>
                <baseTime>1200</baseTime>
                <category>RN1</category>
                <nx>67</nx>
                <ny>101</ny>
                <obsrValue>0</obsrValue>
            </item>
            <item>
                <baseDate>20220208</baseDate>
                <baseTime>1200</baseTime>
                <category>T1H</category>
                <nx>67</nx>
                <ny>101</ny>
                <obsrValue>5.5</obsrValue>
            </item>
            <item>
                <baseDate>20220208</baseDate>
                <baseTime>1200</baseTime>
                <category>UUU</category>
                <nx>67</nx>
                <ny>101</ny>
                <obsrValue>-0.3</obsrValue>
            </item>
            <item>
                <baseDate>20220208</baseDate>
                <baseTime>1200</baseTime>
                <category>VEC</category>
                <nx>67</nx>
                <ny>101</ny>
                <obsrValue>7</obsrValue>
            </item>
            <item>
                <baseDate>20220208</baseDate>
                <baseTime>1200</baseTime>
                <category>VVV</category>
                <nx>67</nx>
                <ny>101</ny>
                <obsrValue>-3</obsrValue>
            </item>
            <item>
                <baseDate>20220208</baseDate>
                <baseTime>1200</baseTime>
                <category>WSD</category>
                <nx>67</nx>
                <ny>101</ny>
                <obsrValue>3.1</obsrValue>
            </item>
        </items>
        <numOfRows>10</numOfRows>
        <pageNo>1</pageNo>
        <totalCount>8</totalCount>
    </body>
</response>